<?xml version="1.0" encoding="UTF-8"?>
<!-- Generated by org.testng.reporters.JUnitXMLReporter -->
<testsuite ignored="0" hostname="DESKTOP-EDT3R9N" failures="0" tests="10" name="Default test" time="207.218" errors="0" timestamp="2024-10-12T15:15:03 IST">
  <testcase classname="UIAutomation.MMT.tests.TrainBookingTest" name="trainReservationE2ETest" time="23.621"/>
  <testcase classname="UIAutomation.MMT.tests.TrainBookingTest" name="trainReservationE2ETest" time="23.129"/>
  <testcase classname="UIAutomation.MMT.tests.TrainBookingTest" name="validateAddTravellerErrorMessage" time="13.639"/>
  <testcase classname="UIAutomation.MMT.tests.TrainBookingTest" name="validateAddTravellerErrorMessage" time="14.555"/>
  <testcase classname="UIAutomation.MMT.tests.TrainBookingTest" name="validateEmailErrorMessage" time="15.719"/>
  <testcase classname="UIAutomation.MMT.tests.TrainBookingTest" name="validateEmailErrorMessage" time="15.341"/>
  <testcase classname="UIAutomation.MMT.tests.TrainBookingTest" name="validateErrorMessageforSameSourceAndDest" time="4.372"/>
  <testcase classname="UIAutomation.MMT.tests.TrainBookingTest" name="validateErrorMessageforSameSourceAndDest" time="4.28"/>
  <testcase classname="UIAutomation.MMT.tests.TrainBookingTest" name="validateUsernameErrorMessage" time="15.347"/>
  <testcase classname="UIAutomation.MMT.tests.TrainBookingTest" name="validateUsernameErrorMessage" time="14.966"/>
</testsuite> <!-- Default test -->
