<?xml version="1.0" encoding="UTF-8"?>
<!-- Generated by org.testng.reporters.JUnitXMLReporter -->
<testsuite ignored="0" hostname="DESKTOP-EDT3R9N" failures="0" tests="6" name="Test" time="156.696" errors="0" timestamp="2024-10-06T12:30:11 IST">
  <testcase classname="UIAutomation.MMT.tests.FlightBookTest" name="landingPageTest" time="9.594"/>
  <testcase classname="UIAutomation.MMT.tests.FlightBookTest" name="roundTripTest" time="16.097"/>
  <testcase classname="UIAutomation.MMT.tests.FlightBookTest" name="validateSameCityErrorMessage" time="8.333"/>
  <testcase classname="UIAutomation.MMT.tests.FlightBookTest" name="validateSearchError" time="4.284"/>
  <testcase classname="UIAutomation.MMT.tests.TrainBookingTest" name="trainReservationE2ETest" time="28.062"/>
  <testcase classname="UIAutomation.MMT.tests.TrainBookingTest" name="validateErrorMessageforSameSourceAndDest" time="5.888"/>
</testsuite> <!-- Test -->
