<?xml version="1.0" encoding="UTF-8"?>
<testng-results ignored="0" total="10" passed="10" failed="0" skipped="0">
  <reporter-output>
  </reporter-output>
  <suite started-at="2024-10-12T15:11:36 IST" name="Default suite" finished-at="2024-10-12T15:15:03 IST" duration-ms="207218">
    <groups>
    </groups>
    <test started-at="2024-10-12T15:11:36 IST" name="Default test" finished-at="2024-10-12T15:15:03 IST" duration-ms="207218">
      <class name="UIAutomation.MMT.tests.TrainBookingTest">
        <test-method is-config="true" signature="initializedriver()[pri:0, instance:UIAutomation.MMT.tests.TrainBookingTest@156b88f5]" started-at="2024-10-12T15:11:36 IST" name="initializedriver" finished-at="2024-10-12T15:11:43 IST" duration-ms="6878" status="PASS">
          <reporter-output>
          </reporter-output>
        </test-method> <!-- initializedriver -->
        <test-method signature="trainReservationE2ETest(java.util.HashMap)[pri:0, instance:UIAutomation.MMT.tests.TrainBookingTest@156b88f5]" started-at="2024-10-12T15:11:43 IST" name="trainReservationE2ETest" data-provider="testData" finished-at="2024-10-12T15:12:07 IST" duration-ms="23621" status="PASS">
          <params>
            <param index="0">
              <value>
                <![CDATA[{date=15th November 2024, EmailID=rushikeshbanarase@gmail.com, BirthPreference=Side Lower, UserName=RUSHIKESHBANARASE, TravelClass=Third AC, TrainName=Sbc Rajdhani, destination=Bengaluru, source=Nagpur, Gender=Male, BoardingStation=NAGPUR (NGP) - 9:30 AM (15 Nov), Name=Rushikesh, TicketType2=Trip Gurantee, MobileNumber=8793209457, EmailErrorMessage=Please enter correct email, TravellerErrorMessage=Please select a traveller, TicketType1=Free Cancellation, UsernameErrorMessage=Please enter IRCTC Username to continue, Country=India, state=Maharashtra, Coach=3A, Age=27, TicketPrice=2900, PaymentPageMessage=Hey,
        You are viewing this booking at the best price}]]>
              </value>
            </param>
          </params>
          <reporter-output>
          </reporter-output>
        </test-method> <!-- trainReservationE2ETest -->
        <test-method is-config="true" signature="closeBrowser()[pri:0, instance:UIAutomation.MMT.tests.TrainBookingTest@156b88f5]" started-at="2024-10-12T15:12:07 IST" name="closeBrowser" finished-at="2024-10-12T15:12:07 IST" duration-ms="258" status="PASS">
          <reporter-output>
          </reporter-output>
        </test-method> <!-- closeBrowser -->
        <test-method is-config="true" signature="initializedriver()[pri:0, instance:UIAutomation.MMT.tests.TrainBookingTest@156b88f5]" started-at="2024-10-12T15:12:07 IST" name="initializedriver" finished-at="2024-10-12T15:12:12 IST" duration-ms="4824" status="PASS">
          <reporter-output>
          </reporter-output>
        </test-method> <!-- initializedriver -->
        <test-method signature="trainReservationE2ETest(java.util.HashMap)[pri:0, instance:UIAutomation.MMT.tests.TrainBookingTest@156b88f5]" started-at="2024-10-12T15:12:12 IST" name="trainReservationE2ETest" data-provider="testData" finished-at="2024-10-12T15:12:35 IST" duration-ms="23129" status="PASS">
          <params>
            <param index="0">
              <value>
                <![CDATA[{date=15th November 2024, EmailID=rushikeshbanarase@gmail.com, BirthPreference=Side Lower, UserName=RUSHIKESHBANARASE, TravelClass=Third AC, TrainName=Ami Csmt Sf Exp, destination=Mumbai, source=Amravati, Gender=Male, BoardingStation=AMRAVATI (AMI) - 7:10 PM (15 Nov), Name=Rushikesh, TicketType2=Trip Gurantee, MobileNumber=8793209457, EmailErrorMessage=Please enter correct email, TravellerErrorMessage=Please select a traveller, TicketType1=Free Cancellation, UsernameErrorMessage=Please enter IRCTC Username to continue, Country=India, state=Maharashtra, Coach=3A, Age=27, TicketPrice=995, PaymentPageMessage=Hey,
        You are viewing this booking at the best price}]]>
              </value>
            </param>
          </params>
          <reporter-output>
          </reporter-output>
        </test-method> <!-- trainReservationE2ETest -->
        <test-method is-config="true" signature="closeBrowser()[pri:0, instance:UIAutomation.MMT.tests.TrainBookingTest@156b88f5]" started-at="2024-10-12T15:12:35 IST" name="closeBrowser" finished-at="2024-10-12T15:12:35 IST" duration-ms="315" status="PASS">
          <reporter-output>
          </reporter-output>
        </test-method> <!-- closeBrowser -->
        <test-method is-config="true" signature="initializedriver()[pri:0, instance:UIAutomation.MMT.tests.TrainBookingTest@156b88f5]" started-at="2024-10-12T15:12:35 IST" name="initializedriver" finished-at="2024-10-12T15:12:41 IST" duration-ms="5811" status="PASS">
          <reporter-output>
          </reporter-output>
        </test-method> <!-- initializedriver -->
        <test-method signature="validateAddTravellerErrorMessage(java.util.HashMap)[pri:0, instance:UIAutomation.MMT.tests.TrainBookingTest@156b88f5]" started-at="2024-10-12T15:12:41 IST" name="validateAddTravellerErrorMessage" data-provider="testData" finished-at="2024-10-12T15:12:55 IST" duration-ms="13639" status="PASS">
          <params>
            <param index="0">
              <value>
                <![CDATA[{date=15th November 2024, EmailID=rushikeshbanarase@gmail.com, BirthPreference=Side Lower, UserName=RUSHIKESHBANARASE, TravelClass=Third AC, TrainName=Sbc Rajdhani, destination=Bengaluru, source=Nagpur, Gender=Male, BoardingStation=NAGPUR (NGP) - 9:30 AM (15 Nov), Name=Rushikesh, TicketType2=Trip Gurantee, MobileNumber=8793209457, EmailErrorMessage=Please enter correct email, TravellerErrorMessage=Please select a traveller, TicketType1=Free Cancellation, UsernameErrorMessage=Please enter IRCTC Username to continue, Country=India, state=Maharashtra, Coach=3A, Age=27, TicketPrice=2900, PaymentPageMessage=Hey,
        You are viewing this booking at the best price}]]>
              </value>
            </param>
          </params>
          <reporter-output>
          </reporter-output>
        </test-method> <!-- validateAddTravellerErrorMessage -->
        <test-method is-config="true" signature="closeBrowser()[pri:0, instance:UIAutomation.MMT.tests.TrainBookingTest@156b88f5]" started-at="2024-10-12T15:12:55 IST" name="closeBrowser" finished-at="2024-10-12T15:12:55 IST" duration-ms="242" status="PASS">
          <reporter-output>
          </reporter-output>
        </test-method> <!-- closeBrowser -->
        <test-method is-config="true" signature="initializedriver()[pri:0, instance:UIAutomation.MMT.tests.TrainBookingTest@156b88f5]" started-at="2024-10-12T15:12:55 IST" name="initializedriver" finished-at="2024-10-12T15:13:00 IST" duration-ms="5051" status="PASS">
          <reporter-output>
          </reporter-output>
        </test-method> <!-- initializedriver -->
        <test-method signature="validateAddTravellerErrorMessage(java.util.HashMap)[pri:0, instance:UIAutomation.MMT.tests.TrainBookingTest@156b88f5]" started-at="2024-10-12T15:13:00 IST" name="validateAddTravellerErrorMessage" data-provider="testData" finished-at="2024-10-12T15:13:15 IST" duration-ms="14555" status="PASS">
          <params>
            <param index="0">
              <value>
                <![CDATA[{date=15th November 2024, EmailID=rushikeshbanarase@gmail.com, BirthPreference=Side Lower, UserName=RUSHIKESHBANARASE, TravelClass=Third AC, TrainName=Ami Csmt Sf Exp, destination=Mumbai, source=Amravati, Gender=Male, BoardingStation=AMRAVATI (AMI) - 7:10 PM (15 Nov), Name=Rushikesh, TicketType2=Trip Gurantee, MobileNumber=8793209457, EmailErrorMessage=Please enter correct email, TravellerErrorMessage=Please select a traveller, TicketType1=Free Cancellation, UsernameErrorMessage=Please enter IRCTC Username to continue, Country=India, state=Maharashtra, Coach=3A, Age=27, TicketPrice=995, PaymentPageMessage=Hey,
        You are viewing this booking at the best price}]]>
              </value>
            </param>
          </params>
          <reporter-output>
          </reporter-output>
        </test-method> <!-- validateAddTravellerErrorMessage -->
        <test-method is-config="true" signature="closeBrowser()[pri:0, instance:UIAutomation.MMT.tests.TrainBookingTest@156b88f5]" started-at="2024-10-12T15:13:15 IST" name="closeBrowser" finished-at="2024-10-12T15:13:15 IST" duration-ms="328" status="PASS">
          <reporter-output>
          </reporter-output>
        </test-method> <!-- closeBrowser -->
        <test-method is-config="true" signature="initializedriver()[pri:0, instance:UIAutomation.MMT.tests.TrainBookingTest@156b88f5]" started-at="2024-10-12T15:13:15 IST" name="initializedriver" finished-at="2024-10-12T15:13:22 IST" duration-ms="7196" status="PASS">
          <reporter-output>
          </reporter-output>
        </test-method> <!-- initializedriver -->
        <test-method signature="validateEmailErrorMessage(java.util.HashMap)[pri:0, instance:UIAutomation.MMT.tests.TrainBookingTest@156b88f5]" started-at="2024-10-12T15:13:22 IST" name="validateEmailErrorMessage" data-provider="testData" finished-at="2024-10-12T15:13:38 IST" duration-ms="15719" status="PASS">
          <params>
            <param index="0">
              <value>
                <![CDATA[{date=15th November 2024, EmailID=rushikeshbanarase@gmail.com, BirthPreference=Side Lower, UserName=RUSHIKESHBANARASE, TravelClass=Third AC, TrainName=Sbc Rajdhani, destination=Bengaluru, source=Nagpur, Gender=Male, BoardingStation=NAGPUR (NGP) - 9:30 AM (15 Nov), Name=Rushikesh, TicketType2=Trip Gurantee, MobileNumber=8793209457, EmailErrorMessage=Please enter correct email, TravellerErrorMessage=Please select a traveller, TicketType1=Free Cancellation, UsernameErrorMessage=Please enter IRCTC Username to continue, Country=India, state=Maharashtra, Coach=3A, Age=27, TicketPrice=2900, PaymentPageMessage=Hey,
        You are viewing this booking at the best price}]]>
              </value>
            </param>
          </params>
          <reporter-output>
          </reporter-output>
        </test-method> <!-- validateEmailErrorMessage -->
        <test-method is-config="true" signature="closeBrowser()[pri:0, instance:UIAutomation.MMT.tests.TrainBookingTest@156b88f5]" started-at="2024-10-12T15:13:38 IST" name="closeBrowser" finished-at="2024-10-12T15:13:38 IST" duration-ms="382" status="PASS">
          <reporter-output>
          </reporter-output>
        </test-method> <!-- closeBrowser -->
        <test-method is-config="true" signature="initializedriver()[pri:0, instance:UIAutomation.MMT.tests.TrainBookingTest@156b88f5]" started-at="2024-10-12T15:13:38 IST" name="initializedriver" finished-at="2024-10-12T15:13:44 IST" duration-ms="6101" status="PASS">
          <reporter-output>
          </reporter-output>
        </test-method> <!-- initializedriver -->
        <test-method signature="validateEmailErrorMessage(java.util.HashMap)[pri:0, instance:UIAutomation.MMT.tests.TrainBookingTest@156b88f5]" started-at="2024-10-12T15:13:44 IST" name="validateEmailErrorMessage" data-provider="testData" finished-at="2024-10-12T15:14:00 IST" duration-ms="15341" status="PASS">
          <params>
            <param index="0">
              <value>
                <![CDATA[{date=15th November 2024, EmailID=rushikeshbanarase@gmail.com, BirthPreference=Side Lower, UserName=RUSHIKESHBANARASE, TravelClass=Third AC, TrainName=Ami Csmt Sf Exp, destination=Mumbai, source=Amravati, Gender=Male, BoardingStation=AMRAVATI (AMI) - 7:10 PM (15 Nov), Name=Rushikesh, TicketType2=Trip Gurantee, MobileNumber=8793209457, EmailErrorMessage=Please enter correct email, TravellerErrorMessage=Please select a traveller, TicketType1=Free Cancellation, UsernameErrorMessage=Please enter IRCTC Username to continue, Country=India, state=Maharashtra, Coach=3A, Age=27, TicketPrice=995, PaymentPageMessage=Hey,
        You are viewing this booking at the best price}]]>
              </value>
            </param>
          </params>
          <reporter-output>
          </reporter-output>
        </test-method> <!-- validateEmailErrorMessage -->
        <test-method is-config="true" signature="closeBrowser()[pri:0, instance:UIAutomation.MMT.tests.TrainBookingTest@156b88f5]" started-at="2024-10-12T15:14:00 IST" name="closeBrowser" finished-at="2024-10-12T15:14:00 IST" duration-ms="450" status="PASS">
          <reporter-output>
          </reporter-output>
        </test-method> <!-- closeBrowser -->
        <test-method is-config="true" signature="initializedriver()[pri:0, instance:UIAutomation.MMT.tests.TrainBookingTest@156b88f5]" started-at="2024-10-12T15:14:00 IST" name="initializedriver" finished-at="2024-10-12T15:14:06 IST" duration-ms="5488" status="PASS">
          <reporter-output>
          </reporter-output>
        </test-method> <!-- initializedriver -->
        <test-method signature="validateErrorMessageforSameSourceAndDest(java.util.HashMap)[pri:0, instance:UIAutomation.MMT.tests.TrainBookingTest@156b88f5]" started-at="2024-10-12T15:14:06 IST" name="validateErrorMessageforSameSourceAndDest" data-provider="testData" finished-at="2024-10-12T15:14:10 IST" duration-ms="4372" status="PASS">
          <params>
            <param index="0">
              <value>
                <![CDATA[{date=15th November 2024, EmailID=rushikeshbanarase@gmail.com, BirthPreference=Side Lower, UserName=RUSHIKESHBANARASE, TravelClass=Third AC, TrainName=Sbc Rajdhani, destination=Bengaluru, source=Nagpur, Gender=Male, BoardingStation=NAGPUR (NGP) - 9:30 AM (15 Nov), Name=Rushikesh, TicketType2=Trip Gurantee, MobileNumber=8793209457, EmailErrorMessage=Please enter correct email, TravellerErrorMessage=Please select a traveller, TicketType1=Free Cancellation, UsernameErrorMessage=Please enter IRCTC Username to continue, Country=India, state=Maharashtra, Coach=3A, Age=27, TicketPrice=2900, PaymentPageMessage=Hey,
        You are viewing this booking at the best price}]]>
              </value>
            </param>
          </params>
          <reporter-output>
          </reporter-output>
        </test-method> <!-- validateErrorMessageforSameSourceAndDest -->
        <test-method is-config="true" signature="closeBrowser()[pri:0, instance:UIAutomation.MMT.tests.TrainBookingTest@156b88f5]" started-at="2024-10-12T15:14:10 IST" name="closeBrowser" finished-at="2024-10-12T15:14:11 IST" duration-ms="602" status="PASS">
          <reporter-output>
          </reporter-output>
        </test-method> <!-- closeBrowser -->
        <test-method is-config="true" signature="initializedriver()[pri:0, instance:UIAutomation.MMT.tests.TrainBookingTest@156b88f5]" started-at="2024-10-12T15:14:11 IST" name="initializedriver" finished-at="2024-10-12T15:14:16 IST" duration-ms="5370" status="PASS">
          <reporter-output>
          </reporter-output>
        </test-method> <!-- initializedriver -->
        <test-method signature="validateErrorMessageforSameSourceAndDest(java.util.HashMap)[pri:0, instance:UIAutomation.MMT.tests.TrainBookingTest@156b88f5]" started-at="2024-10-12T15:14:16 IST" name="validateErrorMessageforSameSourceAndDest" data-provider="testData" finished-at="2024-10-12T15:14:20 IST" duration-ms="4280" status="PASS">
          <params>
            <param index="0">
              <value>
                <![CDATA[{date=15th November 2024, EmailID=rushikeshbanarase@gmail.com, BirthPreference=Side Lower, UserName=RUSHIKESHBANARASE, TravelClass=Third AC, TrainName=Ami Csmt Sf Exp, destination=Mumbai, source=Amravati, Gender=Male, BoardingStation=AMRAVATI (AMI) - 7:10 PM (15 Nov), Name=Rushikesh, TicketType2=Trip Gurantee, MobileNumber=8793209457, EmailErrorMessage=Please enter correct email, TravellerErrorMessage=Please select a traveller, TicketType1=Free Cancellation, UsernameErrorMessage=Please enter IRCTC Username to continue, Country=India, state=Maharashtra, Coach=3A, Age=27, TicketPrice=995, PaymentPageMessage=Hey,
        You are viewing this booking at the best price}]]>
              </value>
            </param>
          </params>
          <reporter-output>
          </reporter-output>
        </test-method> <!-- validateErrorMessageforSameSourceAndDest -->
        <test-method is-config="true" signature="closeBrowser()[pri:0, instance:UIAutomation.MMT.tests.TrainBookingTest@156b88f5]" started-at="2024-10-12T15:14:20 IST" name="closeBrowser" finished-at="2024-10-12T15:14:21 IST" duration-ms="633" status="PASS">
          <reporter-output>
          </reporter-output>
        </test-method> <!-- closeBrowser -->
        <test-method is-config="true" signature="initializedriver()[pri:0, instance:UIAutomation.MMT.tests.TrainBookingTest@156b88f5]" started-at="2024-10-12T15:14:21 IST" name="initializedriver" finished-at="2024-10-12T15:14:26 IST" duration-ms="5539" status="PASS">
          <reporter-output>
          </reporter-output>
        </test-method> <!-- initializedriver -->
        <test-method signature="validateUsernameErrorMessage(java.util.HashMap)[pri:0, instance:UIAutomation.MMT.tests.TrainBookingTest@156b88f5]" started-at="2024-10-12T15:14:26 IST" name="validateUsernameErrorMessage" data-provider="testData" finished-at="2024-10-12T15:14:42 IST" duration-ms="15347" status="PASS">
          <params>
            <param index="0">
              <value>
                <![CDATA[{date=15th November 2024, EmailID=rushikeshbanarase@gmail.com, BirthPreference=Side Lower, UserName=RUSHIKESHBANARASE, TravelClass=Third AC, TrainName=Sbc Rajdhani, destination=Bengaluru, source=Nagpur, Gender=Male, BoardingStation=NAGPUR (NGP) - 9:30 AM (15 Nov), Name=Rushikesh, TicketType2=Trip Gurantee, MobileNumber=8793209457, EmailErrorMessage=Please enter correct email, TravellerErrorMessage=Please select a traveller, TicketType1=Free Cancellation, UsernameErrorMessage=Please enter IRCTC Username to continue, Country=India, state=Maharashtra, Coach=3A, Age=27, TicketPrice=2900, PaymentPageMessage=Hey,
        You are viewing this booking at the best price}]]>
              </value>
            </param>
          </params>
          <reporter-output>
          </reporter-output>
        </test-method> <!-- validateUsernameErrorMessage -->
        <test-method is-config="true" signature="closeBrowser()[pri:0, instance:UIAutomation.MMT.tests.TrainBookingTest@156b88f5]" started-at="2024-10-12T15:14:42 IST" name="closeBrowser" finished-at="2024-10-12T15:14:42 IST" duration-ms="731" status="PASS">
          <reporter-output>
          </reporter-output>
        </test-method> <!-- closeBrowser -->
        <test-method is-config="true" signature="initializedriver()[pri:0, instance:UIAutomation.MMT.tests.TrainBookingTest@156b88f5]" started-at="2024-10-12T15:14:42 IST" name="initializedriver" finished-at="2024-10-12T15:14:48 IST" duration-ms="5672" status="PASS">
          <reporter-output>
          </reporter-output>
        </test-method> <!-- initializedriver -->
        <test-method signature="validateUsernameErrorMessage(java.util.HashMap)[pri:0, instance:UIAutomation.MMT.tests.TrainBookingTest@156b88f5]" started-at="2024-10-12T15:14:48 IST" name="validateUsernameErrorMessage" data-provider="testData" finished-at="2024-10-12T15:15:03 IST" duration-ms="14966" status="PASS">
          <params>
            <param index="0">
              <value>
                <![CDATA[{date=15th November 2024, EmailID=rushikeshbanarase@gmail.com, BirthPreference=Side Lower, UserName=RUSHIKESHBANARASE, TravelClass=Third AC, TrainName=Ami Csmt Sf Exp, destination=Mumbai, source=Amravati, Gender=Male, BoardingStation=AMRAVATI (AMI) - 7:10 PM (15 Nov), Name=Rushikesh, TicketType2=Trip Gurantee, MobileNumber=8793209457, EmailErrorMessage=Please enter correct email, TravellerErrorMessage=Please select a traveller, TicketType1=Free Cancellation, UsernameErrorMessage=Please enter IRCTC Username to continue, Country=India, state=Maharashtra, Coach=3A, Age=27, TicketPrice=995, PaymentPageMessage=Hey,
        You are viewing this booking at the best price}]]>
              </value>
            </param>
          </params>
          <reporter-output>
          </reporter-output>
        </test-method> <!-- validateUsernameErrorMessage -->
        <test-method is-config="true" signature="closeBrowser()[pri:0, instance:UIAutomation.MMT.tests.TrainBookingTest@156b88f5]" started-at="2024-10-12T15:15:03 IST" name="closeBrowser" finished-at="2024-10-12T15:15:03 IST" duration-ms="336" status="PASS">
          <reporter-output>
          </reporter-output>
        </test-method> <!-- closeBrowser -->
      </class> <!-- UIAutomation.MMT.tests.TrainBookingTest -->
    </test> <!-- Default test -->
  </suite> <!-- Default suite -->
</testng-results>
